<?xml version="1.0" encoding="UTF-8"?>
<testsuite xmlns:xsi="http://www.w3.org/2001/XMLSchema-instance" xsi:noNamespaceSchemaLocation="https://maven.apache.org/surefire/maven-surefire-plugin/xsd/surefire-test-report-3.0.xsd" version="3.0" name="com.websocket.chatwebsocket.ChatwebsocketApplicationTests" time="2.961" tests="1" errors="0" skipped="0" failures="0">
  <properties>
[...]
</properties>
  <testcase name="contextLoads" classname="com.websocket.chatwebsocket.ChatwebsocketApplicationTests" time="0.859">
    <system-out><![CDATA[13:47:10.054 [main] INFO org.springframework.test.context.support.AnnotationConfigContextLoaderUtils -- Could not detect default configuration classes for test class [com.websocket.chatwebsocket.ChatwebsocketApplicationTests]: ChatwebsocketApplicationTests does not declare any static, non-private, non-final, nested classes annotated with @Configuration.
13:47:10.177 [main] INFO org.springframework.boot.test.context.SpringBootTestContextBootstrapper -- Found @SpringBootConfiguration com.websocket.chatwebsocket.ChatwebsocketApplication for test class com.websocket.chatwebsocket.ChatwebsocketApplicationTests

  .   ____          _            __ _ _
 /\\ / ___'_ __ _ _(_)_ __  __ _ \ \ \ \
( ( )\___ | '_ | '_| | '_ \/ _` | \ \ \ \
 \\/  ___)| |_)| | | | | || (_| |  ) ) ) )
  '  |____| .__|_| |_|_| |_\__, | / / / /
 =========|_|==============|___/=/_/_/_/
 :: Spring Boot ::                (v3.2.5)

2024-05-08T13:47:10.635-04:00  INFO 22008 --- [chatwebsocket] [           main] c.w.c.ChatwebsocketApplicationTests      : Starting ChatwebsocketApplicationTests using Java 21.0.2 with PID 22008 (started by Intel Desktop in C:\Users\Intel Desktop.JOSE\Desktop\chatwebsocket)
2024-05-08T13:47:10.637-04:00  INFO 22008 --- [chatwebsocket] [           main] c.w.c.ChatwebsocketApplicationTests      : No active profile set, falling back to 1 default profile: "default"
2024-05-08T13:47:11.924-04:00  INFO 22008 --- [chatwebsocket] [           main] o.s.m.s.b.SimpleBrokerMessageHandler     : Starting...
2024-05-08T13:47:11.927-04:00  INFO 22008 --- [chatwebsocket] [           main] o.s.m.s.b.SimpleBrokerMessageHandler     : BrokerAvailabilityEvent[available=true, SimpleBrokerMessageHandler [org.springframework.messaging.simp.broker.DefaultSubscriptionRegistry@2f10f633]]
2024-05-08T13:47:11.928-04:00  INFO 22008 --- [chatwebsocket] [           main] o.s.m.s.b.SimpleBrokerMessageHandler     : Started.
2024-05-08T13:47:11.936-04:00  INFO 22008 --- [chatwebsocket] [           main] c.w.c.ChatwebsocketApplicationTests      : Started ChatwebsocketApplicationTests in 1.58 seconds (process running for 2.821)
]]></system-out>
    <system-err><![CDATA[WARNING: A Java agent has been loaded dynamically (C:\Users\Intel Desktop.JOSE\.m2\repository\net\bytebuddy\byte-buddy-agent\1.14.13\byte-buddy-agent-1.14.13.jar)
WARNING: If a serviceability tool is in use, please run with -XX:+EnableDynamicAgentLoading to hide this warning
WARNING: If a serviceability tool is not in use, please run with -Djdk.instrument.traceUsage for more information
WARNING: Dynamic loading of agents will be disallowed by default in a future release
]]></system-err>
  </testcase>
</testsuite>